Running php-build composer
WARNING! Your password will be stored unencrypted in /home/runner/.docker/config.json.
Configure a credential helper to remove this warning. See
https://docs.docker.com/engine/reference/commandline/login/#credentials-store

Login Succeeded
Pulling docker.pkg.github.com/impress-org/give-recurring/php-actions_composer_give-recurring:php-7.4-build2
Error response from daemon: manifest unknown
Dockerfile:
FROM php:7.4-cli-alpine
RUN apk add --update --no-cache zip git bash openssh
Sending build context to Docker daemon  3.167MB
Step 1/2 : FROM php:7.4-cli-alpine
7.4-cli-alpine: Pulling from library/php
59bf1c3509f3: Already exists
7c7da25b2876: Pulling fs layer
2bc599114627: Pulling fs layer
927a0b37a45a: Pulling fs layer
d47c8877a66a: Pulling fs layer
8f3c2cc92d11: Pulling fs layer
05db1cf8b390: Pulling fs layer
d1140d7e4ba0: Pulling fs layer
887b804c743a: Pulling fs layer
d47c8877a66a: Waiting
8f3c2cc92d11: Waiting
05db1cf8b390: Waiting
d1140d7e4ba0: Waiting
887b804c743a: Waiting
927a0b37a45a: Verifying Checksum
927a0b37a45a: Download complete
2bc599114627: Verifying Checksum
2bc599114627: Download complete
7c7da25b2876: Verifying Checksum
7c7da25b2876: Pull complete
8f3c2cc92d11: Verifying Checksum
8f3c2cc92d11: Download complete
2bc599114627: Pull complete
927a0b37a45a: Pull complete
d47c8877a66a: Verifying Checksum
d47c8877a66a: Download complete
05db1cf8b390: Verifying Checksum
05db1cf8b390: Download complete
d1140d7e4ba0: Verifying Checksum
d1140d7e4ba0: Download complete
d47c8877a66a: Pull complete
8f3c2cc92d11: Pull complete
887b804c743a: Verifying Checksum
887b804c743a: Download complete
05db1cf8b390: Pull complete
d1140d7e4ba0: Pull complete
887b804c743a: Pull complete
Digest: sha256:562d1a40422d42aa4139fd3edc09d1bb4bbf1509cf8a6974e39cc3c05d5df346
Status: Downloaded newer image for php:7.4-cli-alpine
 ---> 224c000945a7
Step 2/2 : RUN apk add --update --no-cache zip git bash openssh
 ---> Running in 9ad5cff7c260
fetch https://dl-cdn.alpinelinux.org/alpine/v3.15/main/x86_64/APKINDEX.tar.gz
fetch https://dl-cdn.alpinelinux.org/alpine/v3.15/community/x86_64/APKINDEX.tar.gz
(1/14) Installing bash (5.1.16-r0)
Executing bash-5.1.16-r0.post-install
(2/14) Installing expat (2.4.5-r0)
(3/14) Installing pcre2 (10.39-r0)
(4/14) Installing git (2.34.1-r0)
(5/14) Installing openssh-keygen (8.8_p1-r1)
(6/14) Installing libedit (20210910.3.1-r0)
(7/14) Installing openssh-client-common (8.8_p1-r1)
(8/14) Installing openssh-client-default (8.8_p1-r1)
(9/14) Installing openssh-sftp-server (8.8_p1-r1)
(10/14) Installing openssh-server-common (8.8_p1-r1)
(11/14) Installing openssh-server (8.8_p1-r1)
(12/14) Installing openssh (8.8_p1-r1)
(13/14) Installing unzip (6.0-r9)
(14/14) Installing zip (3.0-r9)
Executing busybox-1.34.1-r3.trigger
OK: 32 MiB in 46 packages
Removing intermediate container 9ad5cff7c260
 ---> 8d5b336493ef
Successfully built 8d5b336493ef
Successfully tagged docker.pkg.github.com/impress-org/give-recurring/php-actions_composer_give-recurring:php-7.4-build2
The push refers to repository [docker.pkg.github.com/impress-org/give-recurring/php-actions_composer_give-recurring]
4cf165e43d68: Preparing
40cbddfd6c61: Preparing
87ef577493c9: Preparing
63ee52b79e3c: Preparing
47d51841ac7b: Preparing
ac6c88c01576: Preparing
dcd0ffda58b8: Preparing
c29d319c8043: Preparing
8a76a297762e: Preparing
8d3ac3489996: Preparing
ac6c88c01576: Waiting
dcd0ffda58b8: Waiting
c29d319c8043: Waiting
8a76a297762e: Waiting
8d3ac3489996: Waiting
87ef577493c9: Pushed
40cbddfd6c61: Pushed
47d51841ac7b: Pushed
4cf165e43d68: Pushed
dcd0ffda58b8: Pushed
c29d319c8043: Pushed
ac6c88c01576: Pushed
63ee52b79e3c: Pushed
8a76a297762e: Pushed
8d3ac3489996: Pushed
php-7.4-build2: digest: sha256:48cd7cb270635507d2b717adf3dec63dcf44625471fbd7ce3eb47826d0078be2 size: 2413
Docker tag: docker.pkg.github.com/impress-org/give-recurring/php-actions_composer_give-recurring:php-7.4-build2
No private keys supplied
Command: composer install --no-dev --no-progress --no-interaction
Skipping env variable PWD
Skipping env variable HOME
Skipping env variable SHLVL
Skipping env variable PATH
