Running php-build composer
WARNING! Your password will be stored unencrypted in /home/runner/.docker/config.json.
Configure a credential helper to remove this warning. See
https://docs.docker.com/engine/reference/commandline/login/#credentials-store

Login Succeeded
Pulling docker.pkg.github.com/impress-org/give-currency-switcher/php-actions_composer_give-currency-switcher:php-7.4-build2
Error response from daemon: manifest unknown
Dockerfile:
FROM php:7.4-cli-alpine
RUN apk add --update --no-cache zip git bash openssh
Sending build context to Docker daemon  4.719MB
Step 1/2 : FROM php:7.4-cli-alpine
7.4-cli-alpine: Pulling from library/php
59bf1c3509f3: Already exists
7c7da25b2876: Pulling fs layer
2bc599114627: Pulling fs layer
927a0b37a45a: Pulling fs layer
d47c8877a66a: Pulling fs layer
8f3c2cc92d11: Pulling fs layer
856fa49f6012: Pulling fs layer
4af2423423e6: Pulling fs layer
759ed5083fd3: Pulling fs layer
d47c8877a66a: Waiting
856fa49f6012: Waiting
4af2423423e6: Waiting
759ed5083fd3: Waiting
8f3c2cc92d11: Waiting
2bc599114627: Verifying Checksum
2bc599114627: Download complete
927a0b37a45a: Download complete
7c7da25b2876: Verifying Checksum
7c7da25b2876: Download complete
7c7da25b2876: Pull complete
8f3c2cc92d11: Verifying Checksum
8f3c2cc92d11: Download complete
2bc599114627: Pull complete
d47c8877a66a: Verifying Checksum
d47c8877a66a: Download complete
927a0b37a45a: Pull complete
856fa49f6012: Verifying Checksum
856fa49f6012: Download complete
4af2423423e6: Download complete
d47c8877a66a: Pull complete
759ed5083fd3: Verifying Checksum
759ed5083fd3: Download complete
8f3c2cc92d11: Pull complete
856fa49f6012: Pull complete
4af2423423e6: Pull complete
759ed5083fd3: Pull complete
Digest: sha256:295b23a6dc17338d72216bc3ad732780041674cd0d21dd0ca758480ed2534f9a
Status: Downloaded newer image for php:7.4-cli-alpine
 ---> 22a103ca6ee4
Step 2/2 : RUN apk add --update --no-cache zip git bash openssh
 ---> Running in 7c9a9c2d63de
fetch https://dl-cdn.alpinelinux.org/alpine/v3.15/main/x86_64/APKINDEX.tar.gz
fetch https://dl-cdn.alpinelinux.org/alpine/v3.15/community/x86_64/APKINDEX.tar.gz
(1/14) Installing bash (5.1.16-r0)
Executing bash-5.1.16-r0.post-install
(2/14) Installing expat (2.4.7-r0)
(3/14) Installing pcre2 (10.39-r0)
(4/14) Installing git (2.34.1-r0)
(5/14) Installing openssh-keygen (8.8_p1-r1)
(6/14) Installing libedit (20210910.3.1-r0)
(7/14) Installing openssh-client-common (8.8_p1-r1)
(8/14) Installing openssh-client-default (8.8_p1-r1)
(9/14) Installing openssh-sftp-server (8.8_p1-r1)
(10/14) Installing openssh-server-common (8.8_p1-r1)
(11/14) Installing openssh-server (8.8_p1-r1)
(12/14) Installing openssh (8.8_p1-r1)
(13/14) Installing unzip (6.0-r9)
(14/14) Installing zip (3.0-r9)
Executing busybox-1.34.1-r3.trigger
OK: 33 MiB in 47 packages
Removing intermediate container 7c9a9c2d63de
 ---> 8e345b8a0a4d
Successfully built 8e345b8a0a4d
Successfully tagged docker.pkg.github.com/impress-org/give-currency-switcher/php-actions_composer_give-currency-switcher:php-7.4-build2
The push refers to repository [docker.pkg.github.com/impress-org/give-currency-switcher/php-actions_composer_give-currency-switcher]
f668734f940b: Preparing
0b88edd0ee3a: Preparing
9f95819baaaf: Preparing
6d7063fc5c9f: Preparing
47d51841ac7b: Preparing
ac6c88c01576: Preparing
dcd0ffda58b8: Preparing
c29d319c8043: Preparing
8a76a297762e: Preparing
8d3ac3489996: Preparing
ac6c88c01576: Waiting
dcd0ffda58b8: Waiting
c29d319c8043: Waiting
8a76a297762e: Waiting
8d3ac3489996: Waiting
0b88edd0ee3a: Pushed
47d51841ac7b: Pushed
9f95819baaaf: Pushed
f668734f940b: Pushed
dcd0ffda58b8: Pushed
c29d319c8043: Pushed
ac6c88c01576: Pushed
6d7063fc5c9f: Pushed
8a76a297762e: Pushed
8d3ac3489996: Pushed
php-7.4-build2: digest: sha256:29d5c7595719c2df69871c496ec9139540ebe8298cab539dfbd1954de2d2fcd4 size: 2413
Docker tag: docker.pkg.github.com/impress-org/give-currency-switcher/php-actions_composer_give-currency-switcher:php-7.4-build2
No private keys supplied
Command: composer install --no-dev --no-progress --no-interaction
Skipping env variable PWD
Skipping env variable HOME
Skipping env variable SHLVL
Skipping env variable PATH
